<?xml version="1.0" encoding="UTF-8"?>
<!-- Generated by org.testng.reporters.JUnitReportReporter -->
<testsuite hostname="EPINHYDW012D" failures="0" tests="3" name="Jenkins.BlueOcean.EcommerceTest" time="13.957" errors="0" timestamp="2024-06-27T20:46:40 IST" skipped="0">
  <testcase classname="Jenkins.BlueOcean.EcommerceTest" name="loginPageVerification" time="13.941"/>
  <testcase classname="Jenkins.BlueOcean.EcommerceTest" name="navigateToHomePage" time="0.016"/>
  <testcase classname="Jenkins.BlueOcean.EcommerceTest" name="loggedIn" time="0.000"/>
</testsuite> <!-- Jenkins.BlueOcean.EcommerceTest -->
