<?xml version="1.0" encoding="UTF-8"?>
<!-- Generated by org.testng.reporters.JUnitReportReporter -->
<testsuite hostname="EPINHYDW012D" failures="0" tests="4" name="Jenkins.BlueOcean.EcommerceTest" time="3.777" errors="0" timestamp="2024-06-27T14:02:06 IST" skipped="0">
  <testcase classname="Jenkins.BlueOcean.EcommerceTest" name="launchBrouser" time="3.773"/>
  <testcase classname="Jenkins.BlueOcean.EcommerceTest" name="getUrl" time="0.002"/>
  <testcase classname="Jenkins.BlueOcean.EcommerceTest" name="navigateToHomePage" time="0.001"/>
  <testcase classname="Jenkins.BlueOcean.EcommerceTest" name="loggedIn" time="0.001"/>
</testsuite> <!-- Jenkins.BlueOcean.EcommerceTest -->
