<?xml version="1.0" encoding="UTF-8"?>
<!-- Generated by org.testng.reporters.JUnitReportReporter -->
<testsuite hostname="EPINHYDW012D" failures="0" tests="4" name="Jenkins.BlueOcean.Ecommerce" time="0.009" errors="0" timestamp="2024-06-27T13:04:27 IST" skipped="0">
  <testcase classname="Jenkins.BlueOcean.Ecommerce" name="launchBrouser" time="0.006"/>
  <testcase classname="Jenkins.BlueOcean.Ecommerce" name="getUrl" time="0.001"/>
  <testcase classname="Jenkins.BlueOcean.Ecommerce" name="navigateToHomePage" time="0.001"/>
  <testcase classname="Jenkins.BlueOcean.Ecommerce" name="loggedIn" time="0.001"/>
</testsuite> <!-- Jenkins.BlueOcean.Ecommerce -->
